Timing Summary
==============

   POST-ROUTE

                                        Group  No. Clocks  No. Clock Pairs  WNS(ps)  TNS(ps)  TNS Endpoints      
                                  -----------  ----------  ---------------  -------  -------  -------------      
   <UDEF_$auto$clkbufmap.cc:294:execute$2209>           1                1    -6448  -204247             88      




Clocks
======

                                 Clock                            Clock net                                       Group  Constrained Period(ps)      Waveform(ps)   Achievable Period(ps)  Achievable Frequency(MHz)
                        --------------                          -----------                                 -----------  ----------------------  -----------------  ---------------------  -------------------------
   $auto$clkbufmap.cc:294:execute$2209  $auto$clkbufmap.cc:294:execute$2209  <UDEF_$auto$clkbufmap.cc:294:execute$2209>           (auto) 2000            (0,1000)                   8447                    118.385 




Clock Relationships
===================

                            From Clock                             To Clock                                       Group    Endpoints     WNS(ps)    TNS(ps)  TNS Endpoints
                        --------------                       --------------                          ------------------  -----------  ----------  ---------  -------------
   $auto$clkbufmap.cc:294:execute$2209  $auto$clkbufmap.cc:294:execute$2209  <UDEF_$auto$clkbufmap.cc:294:execute$2209>           88       -6448    -204247             88




Timing Details for Clock Pair $auto$clkbufmap.cc:294:execute$2209 and $auto$clkbufmap.cc:294:execute$2209
=========================================================================================================

                            From Clock                             To Clock                                       Group    Endpoints     WNS(ps)    TNS(ps)  TNS Endpoints
                        --------------                       --------------                          ------------------  -----------  ----------  ---------  -------------
   $auto$clkbufmap.cc:294:execute$2209  $auto$clkbufmap.cc:294:execute$2209  <UDEF_$auto$clkbufmap.cc:294:execute$2209>           88       -6448    -204247             88

Path 7:
   Slack (not met):                         -6448ps
     Path type:                               SETUP
     Group:              <UDEF_$auto$clkbufmap.cc:294:execute$2209>
     Launching clock:    $auto$clkbufmap.cc:294:execute$2209 (rising edge)
     Capturing clock:    $auto$clkbufmap.cc:294:execute$2209 (rising edge)

     Requested period:                       2000ps
   + Delay of the capturing clock:           2452ps
   - Clock uncertainty:                       150ps
   = Required time:                          4302ps
   - Propagation time:                       8298ps (67.1% logic, 32.9% route, logic stage 7)
   - Delay of the launching clock:           2452ps
   = Slack:                                 -6448ps

   Instance/Pin or Net Name                     Type         ID     Location or Fanout   Delay(ps)  Edge  Arrival Time(ps)    Instance detail                                                                        
   --------------------------------------------------------------------------------------------------------------------------------------------------------------------------------------------------------------------
   $auto$clkbufmap.cc:294:execute$2209          CLOCK-PORT    -                      -     launch     r               0                                                                                              
   $auto$clkbufmap.cc:294:execute$2209          Clock net    76           (fanout=256)       2452                     -                                                                                              
   RBB_8/CLK                                    RBB_6L        8   [TILE 0 0, RBB 1 24]          -     r            2452                                                                                              
   --------------------------------------------------------------------------------------------------------------------------------------------------------------------------------------------------------------------
   RBB_8/CQ                                     RBB_6L        8   [TILE 0 0, RBB 1 24]        800     r            3252     {inst21: $auto$ff.cc:266:slice$1683 (FD,site=cff)}                                       
   mcu_out[2]                                   Net           8             (fanout=1)       1230                     -                                                                                              
   RBB_8/C1                                     RBB_6L        8   [TILE 0 0, RBB 1 24]          -     r            4482                                                                                              
   RBB_8/COUT                                   RBB_6L        8   [TILE 0 0, RBB 1 24]       1596     r            6078     {inst12: $auto$alumacc.cc:485:replace_alu$1258.genblk1.slice[0].genblk1.carry4 (CARRY4)} 
   $abc$2201$aiger2200$33                       Net          59             (fanout=1)          0                     -                                                                                              
   RBB_9/CIN                                    RBB_6L        9   [TILE 0 0, RBB 4 24]          -     r            6078                                                                                              
   RBB_9/COUT                                   RBB_6L        9   [TILE 0 0, RBB 4 24]        337     r            6415     {inst13: $auto$alumacc.cc:485:replace_alu$1258.genblk1.slice[1].genblk1.carry4 (CARRY4)} 
   $abc$2201$aiger2200$41                       Net          56             (fanout=1)          0                     -                                                                                              
   RBB_10/CIN                                   RBB_6L       10   [TILE 0 0, RBB 7 24]          -     r            6415                                                                                              
   RBB_10/COUT                                  RBB_6L       10   [TILE 0 0, RBB 7 24]        323     r            6738     {inst14: $auto$alumacc.cc:485:replace_alu$1258.genblk1.slice[2].genblk1.carry4 (CARRY4)} 
   $abc$2201$aiger2200$49                       Net          71             (fanout=1)          0                     -                                                                                              
   RBB_11/CIN                                   RBB_6L       11  [TILE 0 0, RBB 10 24]          -     r            6738                                                                                              
   RBB_11/COUT                                  RBB_6L       11  [TILE 0 0, RBB 10 24]        337     r            7075     {inst15: $auto$alumacc.cc:485:replace_alu$1258.genblk1.slice[3].genblk1.carry4 (CARRY4)} 
   $abc$2201$aiger2200$57                       Net          75             (fanout=1)          0                     -                                                                                              
   RBB_12/CIN                                   RBB_6L       12  [TILE 0 0, RBB 13 24]          -     r            7075                                                                                              
   RBB_12/COUT                                  RBB_6L       12  [TILE 0 0, RBB 13 24]        323     r            7398     {inst16: $auto$alumacc.cc:485:replace_alu$1258.genblk1.slice[4].genblk1.carry4 (CARRY4)} 
   $abc$2201$aiger2200$65                       Net          65             (fanout=1)          0                     -                                                                                              
   RBB_13/CIN                                   RBB_6L       13  [TILE 0 0, RBB 16 24]          -     r            7398                                                                                              
   RBB_13/CMUX                                  RBB_6L       13  [TILE 0 0, RBB 16 24]       1082     r            8480     {inst17: $auto$alumacc.cc:485:replace_alu$1258.genblk1.slice[5].genblk1.carry4 (CARRY4)} 
   $auto$alumacc.cc:485:replace_alu$1258.Y[22]  Net          32             (fanout=1)       1502                     -                                                                                              
   RBB_7/O[1]                                   IOB           7   [TILE 0 0, RBB 0 24]          -     r            9982     {inst59: mcu_out[7]_OUT (FD)} {(output_port) inst50: g_50_mcu_out_7_obuf (IO)}           
   --------------------------------------------------------------------------------------------------------------------------------------------------------------------------------------------------------------------
   RBB_7/CLK                                    IOB           7   [TILE 0 0, RBB 0 24]        768     r           10750                                                                                              
   $auto$clkbufmap.cc:294:execute$2209          Clock net    76           (fanout=256)      -2452                     -                                                                                              
   $auto$clkbufmap.cc:294:execute$2209          CLOCK-PORT    -                      -    capture     r            8298                                                                                              
   --------------------------------------------------------------------------------------------------------------------------------------------------------------------------------------------------------------------


Path 8:
   Slack (not met):                         -6308ps
     Path type:                               SETUP
     Group:              <UDEF_$auto$clkbufmap.cc:294:execute$2209>
     Launching clock:    $auto$clkbufmap.cc:294:execute$2209 (rising edge)
     Capturing clock:    $auto$clkbufmap.cc:294:execute$2209 (rising edge)

     Requested period:                       2000ps
   + Delay of the capturing clock:           2431ps
   - Clock uncertainty:                       150ps
   = Required time:                          4281ps
   - Propagation time:                       8137ps (58.2% logic, 41.8% route, logic stage 6)
   - Delay of the launching clock:           2452ps
   = Slack:                                 -6308ps

   Instance/Pin or Net Name                     Type         ID     Location or Fanout   Delay(ps)  Edge  Arrival Time(ps)    Instance detail                                                                        
   --------------------------------------------------------------------------------------------------------------------------------------------------------------------------------------------------------------------
   $auto$clkbufmap.cc:294:execute$2209          CLOCK-PORT    -                      -     launch     r               0                                                                                              
   $auto$clkbufmap.cc:294:execute$2209          Clock net    76           (fanout=256)       2452                     -                                                                                              
   RBB_8/CLK                                    RBB_6L        8   [TILE 0 0, RBB 1 24]          -     r            2452                                                                                              
   --------------------------------------------------------------------------------------------------------------------------------------------------------------------------------------------------------------------
   RBB_8/CQ                                     RBB_6L        8   [TILE 0 0, RBB 1 24]        800     r            3252     {inst21: $auto$ff.cc:266:slice$1683 (FD,site=cff)}                                       
   mcu_out[2]                                   Net           8             (fanout=1)       1230                     -                                                                                              
   RBB_8/C1                                     RBB_6L        8   [TILE 0 0, RBB 1 24]          -     r            4482                                                                                              
   RBB_8/COUT                                   RBB_6L        8   [TILE 0 0, RBB 1 24]       1596     r            6078     {inst12: $auto$alumacc.cc:485:replace_alu$1258.genblk1.slice[0].genblk1.carry4 (CARRY4)} 
   $abc$2201$aiger2200$33                       Net          59             (fanout=1)          0                     -                                                                                              
   RBB_9/CIN                                    RBB_6L        9   [TILE 0 0, RBB 4 24]          -     r            6078                                                                                              
   RBB_9/COUT                                   RBB_6L        9   [TILE 0 0, RBB 4 24]        337     r            6415     {inst13: $auto$alumacc.cc:485:replace_alu$1258.genblk1.slice[1].genblk1.carry4 (CARRY4)} 
   $abc$2201$aiger2200$41                       Net          56             (fanout=1)          0                     -                                                                                              
   RBB_10/CIN                                   RBB_6L       10   [TILE 0 0, RBB 7 24]          -     r            6415                                                                                              
   RBB_10/COUT                                  RBB_6L       10   [TILE 0 0, RBB 7 24]        323     r            6738     {inst14: $auto$alumacc.cc:485:replace_alu$1258.genblk1.slice[2].genblk1.carry4 (CARRY4)} 
   $abc$2201$aiger2200$49                       Net          71             (fanout=1)          0                     -                                                                                              
   RBB_11/CIN                                   RBB_6L       11  [TILE 0 0, RBB 10 24]          -     r            6738                                                                                              
   RBB_11/COUT                                  RBB_6L       11  [TILE 0 0, RBB 10 24]        337     r            7075     {inst15: $auto$alumacc.cc:485:replace_alu$1258.genblk1.slice[3].genblk1.carry4 (CARRY4)} 
   $abc$2201$aiger2200$57                       Net          75             (fanout=1)          0                     -                                                                                              
   RBB_12/CIN                                   RBB_6L       12  [TILE 0 0, RBB 13 24]          -     r            7075                                                                                              
   RBB_12/AMUX                                  RBB_6L       12  [TILE 0 0, RBB 13 24]        709     r            7784     {inst16: $auto$alumacc.cc:485:replace_alu$1258.genblk1.slice[4].genblk1.carry4 (CARRY4)} 
   $auto$alumacc.cc:485:replace_alu$1258.Y[16]  Net          30             (fanout=1)       2174                     -                                                                                              
   RBB_4/O[1]                                   IOB           4   [TILE 0 0, RBB 0 10]          -     r            9958     {inst56: mcu_out[4]_OUT (FD)} {(output_port) inst47: g_47_mcu_out_4_obuf (IO)}           
   --------------------------------------------------------------------------------------------------------------------------------------------------------------------------------------------------------------------
   RBB_4/CLK                                    IOB           4   [TILE 0 0, RBB 0 10]        631     r           10589                                                                                              
   $auto$clkbufmap.cc:294:execute$2209          Clock net    76           (fanout=256)      -2431                     -                                                                                              
   $auto$clkbufmap.cc:294:execute$2209          CLOCK-PORT    -                      -    capture     r            8158                                                                                              
   --------------------------------------------------------------------------------------------------------------------------------------------------------------------------------------------------------------------


Path 9:
   Slack (not met):                         -6166ps
     Path type:                               SETUP
     Group:              <UDEF_$auto$clkbufmap.cc:294:execute$2209>
     Launching clock:    $auto$clkbufmap.cc:294:execute$2209 (rising edge)
     Capturing clock:    $auto$clkbufmap.cc:294:execute$2209 (rising edge)

     Requested period:                       2000ps
   + Delay of the capturing clock:           2452ps
   - Clock uncertainty:                       150ps
   = Required time:                          4302ps
   - Propagation time:                       8016ps (63.4% logic, 36.6% route, logic stage 6)
   - Delay of the launching clock:           2452ps
   = Slack:                                 -6166ps

   Instance/Pin or Net Name                     Type         ID     Location or Fanout   Delay(ps)  Edge  Arrival Time(ps)    Instance detail                                                                        
   --------------------------------------------------------------------------------------------------------------------------------------------------------------------------------------------------------------------
   $auto$clkbufmap.cc:294:execute$2209          CLOCK-PORT    -                      -     launch     r               0                                                                                              
   $auto$clkbufmap.cc:294:execute$2209          Clock net    76           (fanout=256)       2452                     -                                                                                              
   RBB_8/CLK                                    RBB_6L        8   [TILE 0 0, RBB 1 24]          -     r            2452                                                                                              
   --------------------------------------------------------------------------------------------------------------------------------------------------------------------------------------------------------------------
   RBB_8/CQ                                     RBB_6L        8   [TILE 0 0, RBB 1 24]        800     r            3252     {inst21: $auto$ff.cc:266:slice$1683 (FD,site=cff)}                                       
   mcu_out[2]                                   Net           8             (fanout=1)       1230                     -                                                                                              
   RBB_8/C1                                     RBB_6L        8   [TILE 0 0, RBB 1 24]          -     r            4482                                                                                              
   RBB_8/COUT                                   RBB_6L        8   [TILE 0 0, RBB 1 24]       1596     r            6078     {inst12: $auto$alumacc.cc:485:replace_alu$1258.genblk1.slice[0].genblk1.carry4 (CARRY4)} 
   $abc$2201$aiger2200$33                       Net          59             (fanout=1)          0                     -                                                                                              
   RBB_9/CIN                                    RBB_6L        9   [TILE 0 0, RBB 4 24]          -     r            6078                                                                                              
   RBB_9/COUT                                   RBB_6L        9   [TILE 0 0, RBB 4 24]        337     r            6415     {inst13: $auto$alumacc.cc:485:replace_alu$1258.genblk1.slice[1].genblk1.carry4 (CARRY4)} 
   $abc$2201$aiger2200$41                       Net          56             (fanout=1)          0                     -                                                                                              
   RBB_10/CIN                                   RBB_6L       10   [TILE 0 0, RBB 7 24]          -     r            6415                                                                                              
   RBB_10/COUT                                  RBB_6L       10   [TILE 0 0, RBB 7 24]        323     r            6738     {inst14: $auto$alumacc.cc:485:replace_alu$1258.genblk1.slice[2].genblk1.carry4 (CARRY4)} 
   $abc$2201$aiger2200$49                       Net          71             (fanout=1)          0                     -                                                                                              
   RBB_11/CIN                                   RBB_6L       11  [TILE 0 0, RBB 10 24]          -     r            6738                                                                                              
   RBB_11/COUT                                  RBB_6L       11  [TILE 0 0, RBB 10 24]        337     r            7075     {inst15: $auto$alumacc.cc:485:replace_alu$1258.genblk1.slice[3].genblk1.carry4 (CARRY4)} 
   $abc$2201$aiger2200$57                       Net          75             (fanout=1)          0                     -                                                                                              
   RBB_12/CIN                                   RBB_6L       12  [TILE 0 0, RBB 13 24]          -     r            7075                                                                                              
   RBB_12/CMUX                                  RBB_6L       12  [TILE 0 0, RBB 13 24]        995     r            8070     {inst16: $auto$alumacc.cc:485:replace_alu$1258.genblk1.slice[4].genblk1.carry4 (CARRY4)} 
   $auto$alumacc.cc:485:replace_alu$1258.Y[18]  Net          28             (fanout=1)       1703                     -                                                                                              
   RBB_6/O[1]                                   IOB           6   [TILE 0 0, RBB 0 23]          -     r            9773     {inst58: mcu_out[6]_OUT (FD)} {(output_port) inst49: g_49_mcu_out_6_obuf (IO)}           
   --------------------------------------------------------------------------------------------------------------------------------------------------------------------------------------------------------------------
   RBB_6/CLK                                    IOB           6   [TILE 0 0, RBB 0 23]        695     r           10468                                                                                              
   $auto$clkbufmap.cc:294:execute$2209          Clock net    76           (fanout=256)      -2452                     -                                                                                              
   $auto$clkbufmap.cc:294:execute$2209          CLOCK-PORT    -                      -    capture     r            8016                                                                                              
   --------------------------------------------------------------------------------------------------------------------------------------------------------------------------------------------------------------------













