net 2: (25 13)->(25 13) 0 0 0 0 #timing (637 637) ps polarity 1
net 2: (25 13)->(27 15) 1 3 0 0 #timing (806 778) ps polarity 0
net 2: (27 15)->(25 15) 1 2 0 1 #timing (1124 1056) ps  polarity 1
net 2: (25 15)->(25 14) 0 1 0 1 #timing (1192 1284) ps  polarity 0
net 3: (24 13)->(24 13) 0 0 0 0 #timing (651 651) ps polarity 1
net 3: (24 13)->(26 15) 1 3 0 0 #timing (792 775) ps polarity 0
net 3: (26 15)->(24 15) 1 2 0 1 #timing (1039 999) ps  polarity 1
net 3: (24 15)->(24 14) 0 1 0 1 #timing (1131 1165) ps  polarity 0
net 4: (25 15)->(25 15) 0 0 0 0 #timing (760 760) ps polarity 1
net 4: (25 15)->(27 13) 1 3 0 0 #timing (934 899) ps polarity 0
net 4: (27 13)->(25 15) 1 3 0 1 #timing (1290 1189) ps  polarity 1
net 4: (25 15)->(25 15) 0 0 0 1 #timing (1341 1480) ps  polarity 0
net 5: (25 18)->(25 18) 0 0 0 0 #timing (733 733) ps polarity 1
net 5: (25 18)->(27 16) 1 3 0 0 #timing (945 897) ps polarity 0
net 5: (27 16)->(25 16) 1 2 0 1 #timing (1260 1166) ps  polarity 1
net 5: (25 16)->(25 17) 0 1 0 1 #timing (1346 1438) ps  polarity 0
net 6: (25 1)->(24 1) 0 2 0 0 #timing (644 644) ps polarity 1
net 6: (24 1)->(24 3) 1 1 0 0 #timing (757 752) ps polarity 0
net 6: (24 3)->(24 3) 1 0 1 1 #timing (980 952) ps  polarity 1
net 6: (24 3)->(25 2) 0 3 0 1 #timing (1089 1100) ps  polarity 0
net 7: (24 1)->(25 0) 0 3 0 0 #timing (762 762) ps polarity 1
net 7: (25 0)->(25 0) 1 0 0 0 #timing (861 861) ps polarity 0
net 7: (25 0)->(25 2) 1 1 0 1 #timing (1102 1059) ps  polarity 1
net 7: (25 2)->(24 2) 0 2 0 1 #timing (1153 1218) ps  polarity 0
net 8: (25 3)->(25 2) 0 1 0 0 #timing (827 827) ps polarity 1
net 8: (25 2)->(25 2) 1 0 0 0 #timing (918 917) ps polarity 0
net 8: (25 2)->(25 2) 1 0 1 1 #timing (1123 1089) ps  polarity 1
net 8: (25 2)->(25 3) 0 1 0 1 #timing (1201 1230) ps  polarity 0
net 9: (24 3)->(25 3) 0 2 0 0 #timing (801 800) ps polarity 1
net 9: (25 3)->(25 3) 1 0 0 0 #timing (873 880) ps polarity 0
net 9: (25 3)->(25 3) 1 0 1 1 #timing (1077 1051) ps  polarity 1
net 9: (25 3)->(24 3) 0 2 0 1 #timing (1132 1165) ps  polarity 0
net 11: (24 18)->(24 18) 0 0 0 0 #timing (706 706) ps polarity 1
net 11: (24 18)->(26 16) 1 3 0 0 #timing (876 846) ps polarity 0
net 11: (26 16)->(24 16) 1 2 0 1 #timing (1125 1071) ps  polarity 1
net 11: (24 16)->(24 17) 0 1 0 1 #timing (1170 1230) ps  polarity 0
net 12: (24 16)->(24 16) 0 0 0 0 #timing (671 671) ps polarity 1
net 12: (24 16)->(26 18) 1 3 0 0 #timing (832 807) ps polarity 0
net 12: (26 18)->(24 16) 1 3 0 1 #timing (1125 1063) ps  polarity 1
net 12: (24 16)->(24 16) 0 0 0 1 #timing (1205 1273) ps  polarity 0
net 13: (25 16)->(25 16) 0 0 0 0 #timing (679 679) ps polarity 1
net 13: (25 16)->(27 18) 1 3 0 0 #timing (830 809) ps polarity 0
net 13: (27 18)->(25 16) 1 3 0 1 #timing (1180 1100) ps  polarity 1
net 13: (25 16)->(25 16) 0 0 0 1 #timing (1241 1356) ps  polarity 0
net 14: (24 15)->(25 15) 0 2 0 0 #timing (800 800) ps polarity 1
net 14: (25 15)->(25 15) 1 0 0 0 #timing (874 879) ps polarity 0
net 14: (25 15)->(25 15) 1 0 0 1 #timing (1079 1051) ps  polarity 1
net 14: (25 15)->(24 15) 0 2 0 1 #timing (1132 1168) ps  polarity 0
net 15: (24 6)->(24 7) 0 1 0 0 #timing (696 696) ps polarity 1
net 15: (24 7)->(24 5) 1 1 0 0 #timing (827 817) ps polarity 0
net 15: (24 5)->(24 5) 1 0 1 1 #timing (1045 1009) ps  polarity 1
net 15: (24 5)->(24 5) 0 0 0 1 #timing (1140 1163) ps  polarity 0
net 16: (25 6)->(25 6) 0 0 0 0 #timing (733 733) ps polarity 1
net 16: (25 6)->(25 4) 1 1 0 0 #timing (850 842) ps polarity 0
net 16: (25 4)->(25 4) 1 0 0 1 #timing (1068 1033) ps  polarity 1
net 16: (25 4)->(25 5) 0 1 0 1 #timing (1129 1165) ps  polarity 0
net 17: (24 4)->(25 4) 0 2 0 0 #timing (678 678) ps polarity 1
net 17: (25 4)->(25 4) 1 0 0 0 #timing (761 764) ps polarity 0
net 17: (25 4)->(25 4) 1 0 1 1 #timing (965 935) ps  polarity 1
net 17: (25 4)->(24 4) 0 2 0 1 #timing (1010 1048) ps  polarity 0
net 18: (25 4)->(25 5) 0 1 0 0 #timing (674 674) ps polarity 1
net 18: (25 5)->(25 5) 1 0 0 0 #timing (765 765) ps polarity 0
net 18: (25 5)->(25 5) 1 0 1 1 #timing (968 935) ps  polarity 1
net 18: (25 5)->(25 4) 0 1 0 1 #timing (1013 1053) ps  polarity 0
net 19: (24 12)->(24 12) 0 0 0 0 #timing (706 706) ps polarity 1
net 19: (24 12)->(26 14) 1 3 0 0 #timing (853 834) ps polarity 0
net 19: (26 14)->(26 10) 3 1 0 1 #timing (1299 1190) ps  polarity 0
net 19: (26 10)->(24 10) 1 2 0 1 #timing (1410 1303) ps  polarity 1
net 19: (24 10)->(24 11) 0 1 0 1 #timing (1404 1521) ps  polarity 0
net 20: (25 12)->(25 12) 0 0 0 0 #timing (733 733) ps polarity 1
net 20: (25 12)->(25 14) 1 1 0 0 #timing (839 835) ps polarity 0
net 20: (25 14)->(25 10) 3 1 0 0 #timing (1159 1130) ps polarity 0
net 20: (25 10)->(25 10) 1 0 1 1 #timing (1381 1314) ps  polarity 1
net 20: (25 10)->(25 11) 0 1 0 1 #timing (1410 1477) ps  polarity 0
net 21: (24 10)->(24 10) 0 0 0 0 #timing (671 671) ps polarity 1
net 21: (24 10)->(26 8) 1 3 0 0 #timing (827 804) ps polarity 0
net 21: (26 8)->(24 10) 1 3 0 1 #timing (1114 1049) ps  polarity 1
net 21: (24 10)->(24 10) 0 0 0 1 #timing (1169 1254) ps  polarity 0
net 22: (25 10)->(25 10) 0 0 0 0 #timing (679 679) ps polarity 1
net 22: (25 10)->(27 8) 1 3 0 0 #timing (856 823) ps polarity 0
net 22: (27 8)->(25 10) 1 3 0 1 #timing (1208 1109) ps  polarity 1
net 22: (25 10)->(25 10) 0 0 0 1 #timing (1284 1413) ps  polarity 0
net 23: (24 9)->(24 9) 0 0 0 0 #timing (797 797) ps polarity 1
net 23: (24 9)->(26 11) 1 3 0 0 #timing (942 922) ps polarity 0
net 23: (26 11)->(24 9) 1 3 0 1 #timing (1230 1175) ps  polarity 1
net 23: (24 9)->(24 9) 0 0 0 1 #timing (1317 1379) ps  polarity 0
net 24: (25 9)->(25 8) 0 1 0 0 #timing (827 827) ps polarity 1
net 24: (25 8)->(25 8) 1 0 0 0 #timing (917 917) ps polarity 0
net 24: (25 8)->(25 8) 1 0 1 1 #timing (1123 1089) ps  polarity 1
net 24: (25 8)->(25 9) 0 1 0 1 #timing (1200 1229) ps  polarity 0
net 25: (24 7)->(25 6) 0 3 0 0 #timing (762 762) ps polarity 1
net 25: (25 6)->(25 6) 1 0 0 0 #timing (861 862) ps polarity 0
net 25: (25 6)->(25 10) 3 4 0 1 #timing (1297 1200) ps  polarity 0
net 25: (25 10)->(25 8) 1 1 0 1 #timing (1464 1359) ps  polarity 1
net 25: (25 8)->(24 8) 0 2 0 1 #timing (1441 1570) ps  polarity 0
net 26: (25 7)->(24 7) 0 2 0 0 #timing (644 644) ps polarity 1
net 26: (24 7)->(24 7) 1 0 0 0 #timing (727 729) ps polarity 0
net 26: (24 7)->(24 11) 3 4 0 0 #timing (1081 998) ps polarity 0
net 26: (24 11)->(24 9) 1 1 0 1 #timing (1344 1210) ps  polarity 1
net 26: (24 9)->(25 8) 0 3 0 1 #timing (1351 1487) ps  polarity 0
net 28: (25 14)->(25 14) 0 0 0 0 #timing (210 210) ps polarity 1
net 28: (25 14)->(25 12) 1 1 0 0 #timing (345 328) ps polarity 0
net 28: (25 12)->(25 12) 5 0 0 0 #timing (434 477) ps polarity 1
net 28: (25 12)->(25 4) 5 1 0 1 #timing (806 858) ps  polarity 0
net 28: (25 4)->(21 4) 4 5 0 1 #timing (1095 1118) ps  polarity 0
net 28: (21 4)->(21 0) 3 1 0 1 #timing (1443 1390) ps  polarity 0
net 28: (21 0)->(23 0) 1 2 0 1 #timing (1586 1526) ps  polarity 1
net 28: (23 0)->(23 0) 0 0 0 1 #timing (1632 1703) ps  polarity 0
net 29: (24 14)->(24 15) 0 1 0 0 #timing (209 209) ps polarity 1
net 29: (24 15)->(26 13) 1 3 0 0 #timing (379 347) ps polarity 0
net 29: (26 13)->(26 13) 5 0 0 0 #timing (466 540) ps polarity 1
net 29: (26 13)->(26 5) 5 1 0 1 #timing (804 883) ps  polarity 0
net 29: (26 5)->(22 5) 4 5 0 1 #timing (1122 1146) ps  polarity 0
net 29: (22 5)->(22 1) 3 1 0 1 #timing (1464 1420) ps  polarity 0
net 29: (22 1)->(22 1) 1 0 1 1 #timing (1566 1526) ps  polarity 1
net 29: (22 1)->(22 0) 0 1 0 1 #timing (1643 1675) ps  polarity 0
net 30: (25 14)->(24 14) 0 2 0 0 #timing (214 214) ps polarity 1
net 30: (24 14)->(26 14) 1 2 0 0 #timing (357 337) ps polarity 0
net 30: (26 14)->(26 14) 5 0 0 0 #timing (453 506) ps polarity 1
net 30: (26 14)->(11 14) 13 2 1 0 #timing (1115 948) ps polarity 0
net 30: (11 14)->(11 6) 5 1 0 1 #timing (1577 1394) ps  polarity 1
net 30: (11 6)->(11 2) 3 1 0 1 #timing (1829 1907) ps  polarity 1
net 30: (11 2)->(11 0) 1 1 0 1 #timing (1971 2042) ps  polarity 0
net 30: (11 0)->(10 0) 0 2 0 1 #timing (2174 2110) ps  polarity 1
net 32: (25 17)->(24 16) 0 3 0 0 #timing (225 225) ps polarity 1
net 32: (24 16)->(24 16) 1 0 0 0 #timing (306 310) ps polarity 0
net 32: (24 16)->(24 16) 5 0 0 0 #timing (413 425) ps polarity 1
net 32: (24 16)->(24 1) 13 1 1 0 #timing (1024 901) ps polarity 0
net 32: (24 1)->(24 1) 5 0 1 1 #timing (1245 1136) ps  polarity 0
net 32: (24 1)->(24 1) 1 0 0 1 #timing (1393 1277) ps  polarity 0
net 32: (24 1)->(24 0) 0 1 0 1 #timing (1393 1502) ps  polarity 1
net 35: (24 2)->(24 2) 0 0 0 0 #timing (177 177) ps polarity 1
net 35: (24 2)->(26 0) 1 3 0 0 #timing (332 308) ps polarity 0
net 35: (26 0)->(26 0) 5 0 1 0 #timing (428 491) ps polarity 1
net 35: (26 0)->(11 0) 13 2 1 0 #timing (1129 949) ps polarity 0
net 35: (11 0)->(11 0) 5 0 1 1 #timing (1381 1213) ps  polarity 0
net 35: (11 0)->(9 0) 1 2 0 1 #timing (1607 1406) ps  polarity 0
net 35: (9 0)->(9 0) 0 0 0 1 #timing (1540 1784) ps  polarity 1
net 36: (25 2)->(25 2) 0 0 0 0 #timing (210 210) ps polarity 1
net 36: (25 2)->(27 0) 1 3 0 0 #timing (410 367) ps polarity 0
net 36: (27 0)->(27 0) 5 0 1 0 #timing (492 581) ps polarity 1
net 36: (27 0)->(10 0) 13 2 1 0 #timing (1312 1079) ps polarity 0
net 36: (10 0)->(10 0) 5 0 1 1 #timing (1591 1367) ps  polarity 0
net 36: (10 0)->(8 0) 1 2 0 1 #timing (1749 1518) ps  polarity 0
net 36: (8 0)->(8 0) 0 0 0 1 #timing (1621 1861) ps  polarity 1
net 37: (24 2)->(24 3) 0 1 0 0 #timing (209 209) ps polarity 1
net 37: (24 3)->(24 3) 1 0 0 0 #timing (299 296) ps polarity 0
net 37: (24 3)->(24 3) 5 0 1 0 #timing (402 421) ps polarity 1
net 37: (24 3)->(9 3) 13 2 1 0 #timing (1112 964) ps polarity 0
net 37: (9 3)->(9 3) 5 0 0 1 #timing (1377 1240) ps  polarity 0
net 37: (9 3)->(5 3) 4 5 0 1 #timing (1727 1543) ps  polarity 1
net 37: (5 3)->(7 1) 1 3 0 1 #timing (2034 1782) ps  polarity 0
net 37: (7 1)->(7 0) 0 1 0 1 #timing (1911 2174) ps  polarity 1
net 38: (25 1)->(25 0) 0 1 0 0 #timing (360 360) ps polarity 0
net 38: (25 0)->(27 2) 1 3 0 0 #timing (543 512) ps polarity 1
net 38: (27 2)->(27 2) 5 0 1 0 #timing (655 745) ps polarity 0
net 38: (27 2)->(10 2) 13 2 1 0 #timing (1462 1234) ps polarity 1
net 38: (10 2)->(10 2) 5 0 0 1 #timing (1721 1502) ps  polarity 1
net 38: (10 2)->(6 2) 4 5 0 1 #timing (2084 1809) ps  polarity 0
net 38: (6 2)->(6 0) 1 1 0 1 #timing (2316 2007) ps  polarity 1
net 38: (6 0)->(6 0) 0 0 0 1 #timing (2123 2450) ps  polarity 0
