


MINPLACER FLOW STARTS Sun Mar  1 19:23:59 2026
PARRAY=32x32
TILE_SIZE=1,1
MODULE_NAME=main
GRANDITER=-1
FLOW_STRING=eflxexp1500
COMMIT_NLEDIT_IMMEDIATELY=1
USE_NMAX=0
USE_FINDER=1
USE_RTABLE=0
LATENCY_AWARE=1
HAS_PPP=0
FAIL_AS_CRASH=0
RUNTIME_LIMITED=0
MAX_CPU=4 (16 16 4)
REPORT_HOLD=1
IGNORE_REGION=0
IGNORE_REGION_AFTER_WL=0
VERIFY=0
[                                                  ][    3] Running placer flow EXP (version=1500).
[                                                  ][    3] Start 4 jobs with MAX_CPU=4, POOLSIZE=4 and requested_winning_jobs=1.
[                                                  ][    3] Running placer flow WLTD (0).
[              minplacer\00000_pa00_00001_character][    3] Step character
[              minplacer\00000_pa00_00001_character][    3] Step MinPlacerChar minplacer_skip_dont_place=0 do_shortfd=0 do_shortfd_aggressive=0 do_precomb=0 do_precomb_aggressive=0 do_chain_to_tree=0 do_used_rbb_vacan=0 do_rep=1 do_reloc=0 do_repack=0 do_swabsorb=0 do_rplan=1
[              minplacer\00000_pa00_00001_character][    3] RbbUsage=6 PrePlaceTiming=19868.
[                  minplacer\00000_pa00_00002_setup][    3] Step setup
[                  minplacer\00000_pa00_00002_setup][    5] Step setup ends.
[                     minplacer\00000_pa00_00003_wl][    5] Step wl
[                     minplacer\00000_pa00_00003_wl][   19] Step wl returns 0. (timing=5177 cg=0)
[                     minplacer\00000_pa00_00003_wl][   19] Updating timing 5177 vs 2147483647.
[                 minplacer\00000_pa00_00004_repopt][   19] Step repopt
[                 minplacer\00000_pa00_00004_repopt][   29] Step repopt returns 0. (timing=5177 cg=0)
[                 minplacer\00000_pa00_00004_repopt][   29] Step has no netlist change.
[                   minplacer\00000_pa00_00005_post][   29] Step post
[                   minplacer\00000_pa00_00005_post][   39] Step post returns 0. (timing=7770R cg=0)
[                   minplacer\00000_pa00_00005_post][   39] Updating timing 7770R vs 5177.
[                  minplacer\00000_pa00_00006_rplan][   39] Step rplan
[                  minplacer\00000_pa00_00006_rplan][   49] Step rplan returns 0. (timing=7770R cg=50)
[                  minplacer\00000_pa00_00006_rplan][   49] Updating timing 7770R vs 7770R.
[                                                  ][   49] Running placer flow WLTD ends with TRUE.
[                  minplacer\00000_pa00_00006_rplan][   49] Placer job(0) finished okay with timing=7770.
[                                                  ][    3] Running placer flow WLTD (666).
[              minplacer\00003_pa03_00001_character][    3] Step character
[              minplacer\00003_pa03_00001_character][    3] Step MinPlacerChar minplacer_skip_dont_place=0 do_shortfd=0 do_shortfd_aggressive=0 do_precomb=0 do_precomb_aggressive=0 do_chain_to_tree=0 do_used_rbb_vacan=0 do_rep=1 do_reloc=0 do_repack=0 do_swabsorb=0 do_rplan=1
[              minplacer\00003_pa03_00001_character][    3] RbbUsage=6 PrePlaceTiming=19868.
[                  minplacer\00003_pa03_00002_setup][    3] Step setup
[                  minplacer\00003_pa03_00002_setup][    6] Step setup ends.
[                     minplacer\00003_pa03_00003_wl][    6] Step wl
[                     minplacer\00003_pa03_00003_wl][   19] Step wl returns 0. (timing=5177 cg=0)
[                     minplacer\00003_pa03_00003_wl][   19] Updating timing 5177 vs 2147483647.
[                 minplacer\00003_pa03_00004_repopt][   19] Step repopt
[                 minplacer\00003_pa03_00004_repopt][   29] Step repopt returns 0. (timing=5177 cg=0)
[                 minplacer\00003_pa03_00004_repopt][   29] Step has no netlist change.
[                   minplacer\00003_pa03_00005_post][   29] Step post
[                   minplacer\00003_pa03_00005_post][   39] Step post returns 0. (timing=7770R cg=0)
[                   minplacer\00003_pa03_00005_post][   39] Updating timing 7770R vs 5177.
[                  minplacer\00003_pa03_00006_rplan][   39] Step rplan
[                  minplacer\00003_pa03_00006_rplan][   49] Step rplan returns 0. (timing=7770R cg=50)
[                  minplacer\00003_pa03_00006_rplan][   49] Updating timing 7770R vs 7770R.
[                                                  ][   49] Running placer flow WLTD ends with TRUE.
[                  minplacer\00003_pa03_00006_rplan][   49] Placer job(3) finished okay with timing=7770.
[                                                  ][    3] Running placer flow WLTD (666).
[              minplacer\00001_pa01_00001_character][    3] Step character
[              minplacer\00001_pa01_00001_character][    3] Step MinPlacerChar minplacer_skip_dont_place=0 do_shortfd=0 do_shortfd_aggressive=0 do_precomb=0 do_precomb_aggressive=0 do_chain_to_tree=0 do_used_rbb_vacan=0 do_rep=1 do_reloc=0 do_repack=0 do_swabsorb=0 do_rplan=1
[              minplacer\00001_pa01_00001_character][    3] RbbUsage=6 PrePlaceTiming=19868.
[                  minplacer\00001_pa01_00002_setup][    3] Step setup
[                  minplacer\00001_pa01_00002_setup][    7] Step setup ends.
[                     minplacer\00001_pa01_00003_wl][    7] Step wl
[                     minplacer\00001_pa01_00003_wl][   19] Step wl returns 0. (timing=5177 cg=0)
[                     minplacer\00001_pa01_00003_wl][   19] Updating timing 5177 vs 2147483647.
[                 minplacer\00001_pa01_00004_repopt][   19] Step repopt
[                 minplacer\00001_pa01_00004_repopt][   29] Step repopt returns 0. (timing=5177 cg=0)
[                 minplacer\00001_pa01_00004_repopt][   29] Step has no netlist change.
[                   minplacer\00001_pa01_00005_post][   29] Step post
[                   minplacer\00001_pa01_00005_post][   39] Step post returns 0. (timing=7770R cg=0)
[                   minplacer\00001_pa01_00005_post][   39] Updating timing 7770R vs 5177.
[                  minplacer\00001_pa01_00006_rplan][   39] Step rplan
[                  minplacer\00001_pa01_00006_rplan][   49] Step rplan returns 0. (timing=7770R cg=50)
[                  minplacer\00001_pa01_00006_rplan][   49] Updating timing 7770R vs 7770R.
[                                                  ][   49] Running placer flow WLTD ends with TRUE.
[                  minplacer\00001_pa01_00006_rplan][   49] Placer job(1) finished okay with timing=7770.
[                                                  ][    3] Running placer flow WLTD (666).
[              minplacer\00002_pa02_00001_character][    3] Step character
[              minplacer\00002_pa02_00001_character][    3] Step MinPlacerChar minplacer_skip_dont_place=0 do_shortfd=0 do_shortfd_aggressive=0 do_precomb=0 do_precomb_aggressive=0 do_chain_to_tree=0 do_used_rbb_vacan=0 do_rep=1 do_reloc=0 do_repack=0 do_swabsorb=0 do_rplan=1
[              minplacer\00002_pa02_00001_character][    3] RbbUsage=6 PrePlaceTiming=19868.
[                  minplacer\00002_pa02_00002_setup][    3] Step setup
[                  minplacer\00002_pa02_00002_setup][    8] Step setup ends.
[                     minplacer\00002_pa02_00003_wl][    8] Step wl
[                     minplacer\00002_pa02_00003_wl][   19] Step wl returns 0. (timing=5177 cg=0)
[                     minplacer\00002_pa02_00003_wl][   19] Updating timing 5177 vs 2147483647.
[                 minplacer\00002_pa02_00004_repopt][   19] Step repopt
[                 minplacer\00002_pa02_00004_repopt][   32] Step repopt returns 0. (timing=5177 cg=0)
[                 minplacer\00002_pa02_00004_repopt][   32] Step has no netlist change.
[                   minplacer\00002_pa02_00005_post][   32] Step post
[                   minplacer\00002_pa02_00005_post][   42] Step post returns 0. (timing=7770R cg=0)
[                   minplacer\00002_pa02_00005_post][   42] Updating timing 7770R vs 5177.
[                  minplacer\00002_pa02_00006_rplan][   42] Step rplan
[                  minplacer\00002_pa02_00006_rplan][   52] Step rplan returns 0. (timing=7770R cg=50)
[                  minplacer\00002_pa02_00006_rplan][   52] Updating timing 7770R vs 7770R.
[                                                  ][   52] Running placer flow WLTD ends with TRUE.
[                  minplacer\00002_pa02_00006_rplan][   52] Placer job(2) finished okay with timing=7770.
[                                                  ][   52] End 4 jobs with 1 being accepted: [0,expjob_0]=minplacer\00000_pa00_00006_rplan
[                                                  ][   52] End 4 jobs with 3 being abandoned: [1,expjob_1]=minplacer\00001_pa01_00006_rplan [2,expjob_2]=minplacer\00002_pa02_00006_rplan [3,expjob_3]=minplacer\00003_pa03_00006_rplan
[                                                  ][   52] Running placer flow EXP receives (0).
[                  minplacer\00000_pa00_00006_rplan][   52] Updating timing 7770R vs 2147483647.
[                                                  ][   52] Running placer flow EXP ends with [minplacer\00000_pa00_00006_rplan] timing=7770.
[                  minplacer\00000_pa00_00006_rplan][   52] Step readback plc starts.
[                  minplacer\00000_pa00_00006_rplan][   52] Step readback plc ended.
MINPLACER FLOW QORSTAT REP=0 BUF=0 PPP=0 COMB=0 SHORTFD=0 RELOC=0 SWABSORB=0 PREABSORB=0
MINPLACER FLOW ENDS RET=PASS Sun Mar  1 19:24:49 2026
