LOG STARTS The current time is Tue Mar  3 18:56:50 2026
TA took 0 seconds.
LOG ENDS The current time is Tue Mar  3 18:56:50 2026



The current time is Tue Mar  3 18:56:50 2026
CPUs=4
EXE="C:\Program Files\Renesas Electronics\Go Configure Software Hub\external\eda-placer\v23\eda-placer.exe"
BuildDir=C:\Program Files\Renesas Electronics\Go Configure Software Hub\external\eda-placer\v23
BuildPath="C:\Program Files\Renesas Electronics\Go Configure Software Hub\external\eda-placer\v23"
CWD=C:\Users\HP\AppData\Local\Temp\SWImEapY\out\minplacer\00002_pa02_00003_wl
LogFile=minplacer_00002_pa02_00003.log
PrintScreen=..\_00002_pa02_stdout.txt
Command line: C:\Program Files\Renesas Electronics\Go Configure Software Hub\external\eda-placer\v23\eda-placer.exe -print_screen ..\_00002_pa02_stdout.txt -eflx_call_minplacer 00002_pa02_00003_wl__out__main
	Arg[0] C:\Program Files\Renesas Electronics\Go Configure Software Hub\external\eda-placer\v23\eda-placer.exe
	Arg[1] -print_screen
	Arg[2] ..\_00002_pa02_stdout.txt
	Arg[3] -eflx_call_minplacer
	Arg[4] 00002_pa02_00003_wl__out__main
Report CFG start:
            minplacer_output_clkloc = ..\..\minplacer\00002_pa02_00003_wl\minplacer_clkloc.txt
           minplacer_ignore_regions = 0
    minplacer_output_vacant_lrbbloc = ..\..\minplacer\00002_pa02_00003_wl\minplacer_vacant_lrbbloc.txt
          minplacer_input_timingdef = ..\..\minplacer\00002_pa02_00002_setup\minplacer.timing_def
               minplacer_input_edif = ..\..\minplacer\00002_pa02_00002_setup\minplacer.edf
                               loga = minplacer_00002_pa02_00003.log
              ta_report_limit_paths = 3
              minplacer_input_rd2sm = ..\..\minplacer\00002_pa02_00002_setup\minplacer.rnode2sm_def
                minplacer_skip_hifi = 1
                            verbose = 1
       minplacer_accept_stop_signal = ..\..\minplacer\stop_all.txt
       minplacer_regionleg_ran_seed = 0
         minplacer_input_rd2sitepin = ..\..\minplacer\00002_pa02_00002_setup\minplacer.rnode2sitepin_def
minplacer_report_timing_side_effect = 0
            minplacer_output_rbbloc = ..\..\minplacer\00002_pa02_00003_wl\minplacer_rbbloc.txt
         minplacer_pann_random_walk = 13
                    minplacer_no_lu = 0
            minplacer_input_chipdef = ..\..\minplacer\00002_pa02_00002_setup\minplacer.chip_def
      minplacer_accept_stop_signal2 = ..\..\minplacer\stop_00002_pa02_.txt
                eflx_call_minplacer = 00002_pa02_00003_wl__out__main
                  minplacer_max_cpu = 1
                  minplacer_inflate = 1
                          qor_stats = 1
         minplacer_output_tilerange = ..\..\minplacer\00002_pa02_00003_wl\minplacer_tilerange.txt
                  rfinder_use_table = 0
       minplacer_input_branchdlydef = ..\..\minplacer\00002_pa02_00002_setup\minplacer.branchdly_def
                       print_screen = ..\_00002_pa02_stdout.txt
             minplacer_input_rgraph = ..\..\minplacer\00002_pa02_00002_setup\minplacer.rgraph_def
                  minplacer_flow_wl = 1
                     ta_report_hold = 1
          minplacer_input_clklatdef = ..\..\minplacer\00002_pa02_00002_setup\minplacer.clklat_def
Report CFG end:
PLACER_STANDALONE STARTS.
	INPUTS:
	minplacer_input_edif=..\..\minplacer\00002_pa02_00002_setup\minplacer.edf
	minplacer_input_chipdef=..\..\minplacer\00002_pa02_00002_setup\minplacer.chip_def
	minplacer_input_ramdef=<none>
	minplacer_input_timingdef=..\..\minplacer\00002_pa02_00002_setup\minplacer.timing_def
	minplacer_input_clklatdef=..\..\minplacer\00002_pa02_00002_setup\minplacer.clklat_def
	minplacer_input_rbbloc=<none>
	minplacer_input_tilerange=<none>
	minplacer_input_nledit=<none>
	minplacer_input_rgraph=..\..\minplacer\00002_pa02_00002_setup\minplacer.rgraph_def
	minplacer_input_rd2sm=..\..\minplacer\00002_pa02_00002_setup\minplacer.rnode2sm_def
	minplacer_input_rd2sitepin=..\..\minplacer\00002_pa02_00002_setup\minplacer.rnode2sitepin_def
	minplacer_input_branchdlydef=..\..\minplacer\00002_pa02_00002_setup\minplacer.branchdly_def
	minplacer_input_ravecs=<none>
	minplacer_input_rstarting_priority=<none>
	OUTPUTS:
	minplacer_output_edif=<none>
	minplacer_output_timingdef=<none>
	minplacer_output_clklatdef=<none>
	minplacer_output_rbbloc=..\..\minplacer\00002_pa02_00003_wl\minplacer_rbbloc.txt
	minplacer_output_vacant_lrbbloc=..\..\minplacer\00002_pa02_00003_wl\minplacer_vacant_lrbbloc.txt
	minplacer_output_clkloc=..\..\minplacer\00002_pa02_00003_wl\minplacer_clkloc.txt
	minplacer_output_rteloc=<none>
	minplacer_output_tilerange=..\..\minplacer\00002_pa02_00003_wl\minplacer_tilerange.txt
	minplacer_output_nledit=<none>
	minplacer_output_branchdlydef=<none>
	minplacer_output_ravecs=<none>
	minplacer_output_rstarting_priority=<none>
pProblemIni. isNmax=0 inflat=1 mem_dump_mode=0

FATAL ERROR: Memory allocation failure for size 67108864 from line 54 in C:\fanmo\src\trunk\base\bpage.cpp
Fatal error at line 167 in file C:\fanmo\src\trunk\base\bmem.cpp



